#-----------------------------------------------------------
# Vivado v2019.1 (64-bit)
# SW Build 2552052 on Fri May 24 14:49:42 MDT 2019
# IP Build 2548770 on Fri May 24 18:01:18 MDT 2019
# Start of session at: Wed Oct  5 16:24:08 2022
# Process ID: 3388
# Current directory: C:/esempiVIVADO/1_MUX2_1_multipleArch
# Command line: vivado.exe -gui_launcher_event rodinguilauncherevent15300 C:\esempiVIVADO\1_MUX2_1_multipleArch\1_MUX2_1_multipleArch.xpr
# Log file: C:/esempiVIVADO/1_MUX2_1_multipleArch/vivado.log
# Journal file: C:/esempiVIVADO/1_MUX2_1_multipleArch\vivado.jou
#-----------------------------------------------------------
start_gui
open_project C:/esempiVIVADO/1_MUX2_1_multipleArch/1_MUX2_1_multipleArch.xpr
CRITICAL WARNING: [Project 1-19] Could not find the file 'C:/esempiVIVADO/1_MUX2_1_multipleArch/1_MUX2_1_multipleArch.srcs/sources_1/imports/1-multiplexer21_dataflow/mux_2_1.vhd'.
Scanning sources...
Finished scanning sources
INFO: [IP_Flow 19-234] Refreshing IP repositories
INFO: [IP_Flow 19-1704] No user IP repositories specified
INFO: [IP_Flow 19-2313] Loaded Vivado IP repository 'C:/Xilinx/Vivado/2019.1/data/ip'.
open_project: Time (s): cpu = 00:00:13 ; elapsed = 00:00:05 . Memory (MB): peak = 724.852 ; gain = 47.363
update_compile_order -fileset sources_1
set_property source_mgmt_mode DisplayOnly [current_project]
update_files -from_files C:/esempiVIVADO/1_MUX2_1_multipleArch/1_MUX2_1_multipleArch.srcs/sources_1/mux_2_1.vhd -to_files C:/esempiVIVADO/1_MUX2_1_multipleArch/1_MUX2_1_multipleArch.srcs/sources_1/imports/1-multiplexer21_dataflow/mux_2_1.vhd -filesets [get_filesets *]
INFO: [filemgmt 20-762] Replacing file 'C:/esempiVIVADO/1_MUX2_1_multipleArch/1_MUX2_1_multipleArch.srcs/sources_1/imports/1-multiplexer21_dataflow/mux_2_1.vhd' with file 'C:/esempiVIVADO/1_MUX2_1_multipleArch/1_MUX2_1_multipleArch.srcs/sources_1/mux_2_1.vhd'.
INFO: [filemgmt 20-1080] Importing file from 'C:/esempiVIVADO/1_MUX2_1_multipleArch/1_MUX2_1_multipleArch.srcs/sources_1/mux_2_1.vhd' to 'C:/esempiVIVADO/1_MUX2_1_multipleArch/1_MUX2_1_multipleArch.srcs/sources_1/imports/1-multiplexer21_dataflow/mux_2_1.vhd'.
ERROR: [filemgmt 20-1081] Replace file failure for imported file. Reimport failed. Error copying file locally: C:/esempiVIVADO/1_MUX2_1_multipleArch/1_MUX2_1_multipleArch.srcs/sources_1/mux_2_1.vhd
ERROR: [Common 17-39] 'update_files' failed due to earlier errors.
add_files -norecurse C:/esempiVIVADO/1_MUX2_1_multipleArch/1_MUX2_1_multipleArch.srcs/sources_1/mux_2_1.vhd
export_ip_user_files -of_objects  [get_files C:/esempiVIVADO/1_MUX2_1_multipleArch/1_MUX2_1_multipleArch.srcs/sources_1/imports/1-multiplexer21_dataflow/mux_2_1.vhd] -no_script -reset -force -quiet
remove_files  C:/esempiVIVADO/1_MUX2_1_multipleArch/1_MUX2_1_multipleArch.srcs/sources_1/imports/1-multiplexer21_dataflow/mux_2_1.vhd
close_project
open_project C:/esempiVIVADO/1_MUX/1_MUX.xpr
Scanning sources...
Finished scanning sources
INFO: [IP_Flow 19-234] Refreshing IP repositories
INFO: [IP_Flow 19-1704] No user IP repositories specified
INFO: [IP_Flow 19-2313] Loaded Vivado IP repository 'C:/Xilinx/Vivado/2019.1/data/ip'.
update_compile_order -fileset sources_1
close_project
exit
INFO: [Common 17-206] Exiting Vivado at Wed Oct  5 16:28:00 2022...
