
*** Running vivado
    with args -log riconoscitoreSequenza.vds -m64 -product Vivado -mode batch -messageDb vivado.pb -notrace -source riconoscitoreSequenza.tcl


ECHO disattivato.
ECHO disattivato.

****** Vivado v2023.1 (64-bit)
  **** SW Build 3865809 on Sun May  7 15:05:29 MDT 2023
  **** IP Build 3864474 on Sun May  7 20:36:21 MDT 2023
  **** SharedData Build 3865790 on Sun May 07 13:33:03 MDT 2023
    ** Copyright 1986-2022 Xilinx, Inc. All Rights Reserved.
    ** Copyright 2022-2023 Advanced Micro Devices, Inc. All Rights Reserved.

source riconoscitoreSequenza.tcl -notrace
create_project: Time (s): cpu = 00:00:07 ; elapsed = 00:00:07 . Memory (MB): peak = 462.598 ; gain = 199.930
Command: read_checkpoint -auto_incremental -incremental C:/Users/Fabio/Desktop/Magistrale/Architettura_dei_Sistemi_Digitali/vhdl/1_miei/3_1_riconoscitoreSequenza/3_1_riconoscitoreSequenza.srcs/utils_1/imports/synth_1/riconoscitoreSequenza.dcp
INFO: [Vivado 12-5825] Read reference checkpoint from C:/Users/Fabio/Desktop/Magistrale/Architettura_dei_Sistemi_Digitali/vhdl/1_miei/3_1_riconoscitoreSequenza/3_1_riconoscitoreSequenza.srcs/utils_1/imports/synth_1/riconoscitoreSequenza.dcp for incremental synthesis
INFO: [Vivado 12-7989] Please ensure there are no constraint changes
Command: synth_design -top riconoscitoreSequenza -part xc7a100tcsg324-1
Starting synth_design
Attempting to get a license for feature 'Synthesis' and/or device 'xc7a100t'
INFO: [Common 17-349] Got license for feature 'Synthesis' and/or device 'xc7a100t'
INFO: [Device 21-403] Loading part xc7a100tcsg324-1
INFO: [Designutils 20-5440] No compile time benefit to using incremental synthesis; A full resynthesis will be run
INFO: [Designutils 20-4379] Flow is switching to default flow due to incremental criteria not met. If you would like to alter this behaviour and have the flow terminate instead, please set the following parameter config_implementation {autoIncr.Synth.RejectBehavior Terminate}
INFO: [Synth 8-7079] Multithreading enabled for synth_design using a maximum of 2 processes.
INFO: [Synth 8-7078] Launching helper process for spawning children vivado processes
INFO: [Synth 8-7075] Helper process launched with PID 13844
---------------------------------------------------------------------------------
Starting RTL Elaboration : Time (s): cpu = 00:00:05 ; elapsed = 00:00:04 . Memory (MB): peak = 1294.383 ; gain = 412.027
---------------------------------------------------------------------------------
INFO: [Synth 8-638] synthesizing module 'riconoscitoreSequenza' [C:/Users/Fabio/Desktop/Magistrale/Architettura_dei_Sistemi_Digitali/vhdl/1_miei/3_1_riconoscitoreSequenza/3_1_riconoscitoreSequenza.srcs/sources_1/new/riconoscitoreSequenza.vhd:42]
WARNING: [Synth 8-614] signal 'MODE' is read in the process but is not in the sensitivity list [C:/Users/Fabio/Desktop/Magistrale/Architettura_dei_Sistemi_Digitali/vhdl/1_miei/3_1_riconoscitoreSequenza/3_1_riconoscitoreSequenza.srcs/sources_1/new/riconoscitoreSequenza.vhd:50]
WARNING: [Synth 8-614] signal 'stato_corrente' is read in the process but is not in the sensitivity list [C:/Users/Fabio/Desktop/Magistrale/Architettura_dei_Sistemi_Digitali/vhdl/1_miei/3_1_riconoscitoreSequenza/3_1_riconoscitoreSequenza.srcs/sources_1/new/riconoscitoreSequenza.vhd:50]
WARNING: [Synth 8-614] signal 'i' is read in the process but is not in the sensitivity list [C:/Users/Fabio/Desktop/Magistrale/Architettura_dei_Sistemi_Digitali/vhdl/1_miei/3_1_riconoscitoreSequenza/3_1_riconoscitoreSequenza.srcs/sources_1/new/riconoscitoreSequenza.vhd:50]
INFO: [Synth 8-256] done synthesizing module 'riconoscitoreSequenza' (0#1) [C:/Users/Fabio/Desktop/Magistrale/Architettura_dei_Sistemi_Digitali/vhdl/1_miei/3_1_riconoscitoreSequenza/3_1_riconoscitoreSequenza.srcs/sources_1/new/riconoscitoreSequenza.vhd:42]
WARNING: [Synth 8-3917] design riconoscitoreSequenza has port Y driven by constant 0
WARNING: [Synth 8-7129] Port B1 in module riconoscitoreSequenza is either unconnected or has no load
WARNING: [Synth 8-7129] Port B2 in module riconoscitoreSequenza is either unconnected or has no load
---------------------------------------------------------------------------------
Finished RTL Elaboration : Time (s): cpu = 00:00:06 ; elapsed = 00:00:06 . Memory (MB): peak = 1384.168 ; gain = 501.812
---------------------------------------------------------------------------------
---------------------------------------------------------------------------------
Start Handling Custom Attributes
---------------------------------------------------------------------------------
---------------------------------------------------------------------------------
Finished Handling Custom Attributes : Time (s): cpu = 00:00:06 ; elapsed = 00:00:06 . Memory (MB): peak = 1384.168 ; gain = 501.812
---------------------------------------------------------------------------------
---------------------------------------------------------------------------------
Finished RTL Optimization Phase 1 : Time (s): cpu = 00:00:06 ; elapsed = 00:00:06 . Memory (MB): peak = 1384.168 ; gain = 501.812
---------------------------------------------------------------------------------
Netlist sorting complete. Time (s): cpu = 00:00:00 ; elapsed = 00:00:00 . Memory (MB): peak = 1384.168 ; gain = 0.000
INFO: [Project 1-570] Preparing netlist for logic optimization

Processing XDC Constraints
Initializing timing engine
Parsing XDC File [C:/Users/Fabio/Desktop/Magistrale/Architettura_dei_Sistemi_Digitali/vhdl/1_miei/3_1_riconoscitoreSequenza/3_1_riconoscitoreSequenza.srcs/constrs_1/imports/digilent-xdc-master/Nexys-A7-100T-Master.xdc]
Finished Parsing XDC File [C:/Users/Fabio/Desktop/Magistrale/Architettura_dei_Sistemi_Digitali/vhdl/1_miei/3_1_riconoscitoreSequenza/3_1_riconoscitoreSequenza.srcs/constrs_1/imports/digilent-xdc-master/Nexys-A7-100T-Master.xdc]
INFO: [Project 1-236] Implementation specific constraints were found while reading constraint file [C:/Users/Fabio/Desktop/Magistrale/Architettura_dei_Sistemi_Digitali/vhdl/1_miei/3_1_riconoscitoreSequenza/3_1_riconoscitoreSequenza.srcs/constrs_1/imports/digilent-xdc-master/Nexys-A7-100T-Master.xdc]. These constraints will be ignored for synthesis but will be used in implementation. Impacted constraints are listed in the file [.Xil/riconoscitoreSequenza_propImpl.xdc].
Resolution: To avoid this warning, move constraints listed in [.Xil/riconoscitoreSequenza_propImpl.xdc] to another XDC file and exclude this new file from synthesis with the used_in_synthesis property (File Properties dialog in GUI) and re-run elaboration/synthesis.
Completed Processing XDC Constraints

Netlist sorting complete. Time (s): cpu = 00:00:00 ; elapsed = 00:00:00 . Memory (MB): peak = 1392.684 ; gain = 0.000
INFO: [Project 1-111] Unisim Transformation Summary:
No Unisim elements were transformed.

Constraint Validation Runtime : Time (s): cpu = 00:00:00 ; elapsed = 00:00:00.002 . Memory (MB): peak = 1392.684 ; gain = 0.000
INFO: [Designutils 20-5440] No compile time benefit to using incremental synthesis; A full resynthesis will be run
INFO: [Designutils 20-4379] Flow is switching to default flow due to incremental criteria not met. If you would like to alter this behaviour and have the flow terminate instead, please set the following parameter config_implementation {autoIncr.Synth.RejectBehavior Terminate}
---------------------------------------------------------------------------------
Finished Constraint Validation : Time (s): cpu = 00:00:12 ; elapsed = 00:00:12 . Memory (MB): peak = 1392.684 ; gain = 510.328
---------------------------------------------------------------------------------
---------------------------------------------------------------------------------
Start Loading Part and Timing Information
---------------------------------------------------------------------------------
Loading part: xc7a100tcsg324-1
---------------------------------------------------------------------------------
Finished Loading Part and Timing Information : Time (s): cpu = 00:00:12 ; elapsed = 00:00:12 . Memory (MB): peak = 1392.684 ; gain = 510.328
---------------------------------------------------------------------------------
---------------------------------------------------------------------------------
Start Applying 'set_property' XDC Constraints
---------------------------------------------------------------------------------
---------------------------------------------------------------------------------
Finished applying 'set_property' XDC Constraints : Time (s): cpu = 00:00:12 ; elapsed = 00:00:12 . Memory (MB): peak = 1392.684 ; gain = 510.328
---------------------------------------------------------------------------------
---------------------------------------------------------------------------------
Finished RTL Optimization Phase 2 : Time (s): cpu = 00:00:13 ; elapsed = 00:00:13 . Memory (MB): peak = 1392.684 ; gain = 510.328
---------------------------------------------------------------------------------
---------------------------------------------------------------------------------
Start RTL Component Statistics 
---------------------------------------------------------------------------------
Detailed RTL Component Info : 
+---Registers : 
	                3 Bit    Registers := 1     
+---Muxes : 
	   2 Input    3 Bit        Muxes := 1     
	   7 Input    3 Bit        Muxes := 1     
	   2 Input    2 Bit        Muxes := 1     
	   5 Input    2 Bit        Muxes := 1     
	   2 Input    1 Bit        Muxes := 2     
	   4 Input    1 Bit        Muxes := 1     
	   6 Input    1 Bit        Muxes := 1     
---------------------------------------------------------------------------------
Finished RTL Component Statistics 
---------------------------------------------------------------------------------
---------------------------------------------------------------------------------
Start Part Resource Summary
---------------------------------------------------------------------------------
Part Resources:
DSPs: 240 (col length:80)
BRAMs: 270 (col length: RAMB18 80 RAMB36 40)
---------------------------------------------------------------------------------
Finished Part Resource Summary
---------------------------------------------------------------------------------
---------------------------------------------------------------------------------
Start Cross Boundary and Area Optimization
---------------------------------------------------------------------------------
WARNING: [Synth 8-7080] Parallel synthesis criteria is not met
WARNING: [Synth 8-3917] design riconoscitoreSequenza has port Y driven by constant 0
WARNING: [Synth 8-7129] Port B1 in module riconoscitoreSequenza is either unconnected or has no load
WARNING: [Synth 8-7129] Port B2 in module riconoscitoreSequenza is either unconnected or has no load
CRITICAL WARNING: [Synth 8-6859] multi-driven net on pin stato_prossimo_reg[2] with 1st driver pin 'stato_prossimo_inferred__0/stato_prossimo_reg[2]' [C:/Users/Fabio/Desktop/Magistrale/Architettura_dei_Sistemi_Digitali/vhdl/1_miei/3_1_riconoscitoreSequenza/3_1_riconoscitoreSequenza.srcs/sources_1/new/riconoscitoreSequenza.vhd:53]
CRITICAL WARNING: [Synth 8-6859] multi-driven net on pin stato_prossimo_reg[2] with 2nd driver pin 'GND' [C:/Users/Fabio/Desktop/Magistrale/Architettura_dei_Sistemi_Digitali/vhdl/1_miei/3_1_riconoscitoreSequenza/3_1_riconoscitoreSequenza.srcs/sources_1/new/riconoscitoreSequenza.vhd:53]
CRITICAL WARNING: [Synth 8-6858] multi-driven net stato_prossimo_reg[2] is connected to at least one constant driver which has been preserved, other driver is ignored [C:/Users/Fabio/Desktop/Magistrale/Architettura_dei_Sistemi_Digitali/vhdl/1_miei/3_1_riconoscitoreSequenza/3_1_riconoscitoreSequenza.srcs/sources_1/new/riconoscitoreSequenza.vhd:53]
CRITICAL WARNING: [Synth 8-6859] multi-driven net on pin stato_prossimo_reg[1] with 1st driver pin 'stato_prossimo_inferred__0/stato_prossimo_reg[1]' [C:/Users/Fabio/Desktop/Magistrale/Architettura_dei_Sistemi_Digitali/vhdl/1_miei/3_1_riconoscitoreSequenza/3_1_riconoscitoreSequenza.srcs/sources_1/new/riconoscitoreSequenza.vhd:53]
CRITICAL WARNING: [Synth 8-6859] multi-driven net on pin stato_prossimo_reg[1] with 2nd driver pin 'GND' [C:/Users/Fabio/Desktop/Magistrale/Architettura_dei_Sistemi_Digitali/vhdl/1_miei/3_1_riconoscitoreSequenza/3_1_riconoscitoreSequenza.srcs/sources_1/new/riconoscitoreSequenza.vhd:53]
CRITICAL WARNING: [Synth 8-6858] multi-driven net stato_prossimo_reg[1] is connected to at least one constant driver which has been preserved, other driver is ignored [C:/Users/Fabio/Desktop/Magistrale/Architettura_dei_Sistemi_Digitali/vhdl/1_miei/3_1_riconoscitoreSequenza/3_1_riconoscitoreSequenza.srcs/sources_1/new/riconoscitoreSequenza.vhd:53]
CRITICAL WARNING: [Synth 8-6859] multi-driven net on pin stato_prossimo_reg[0] with 1st driver pin 'stato_prossimo_inferred__0/stato_prossimo_reg[0]' [C:/Users/Fabio/Desktop/Magistrale/Architettura_dei_Sistemi_Digitali/vhdl/1_miei/3_1_riconoscitoreSequenza/3_1_riconoscitoreSequenza.srcs/sources_1/new/riconoscitoreSequenza.vhd:53]
CRITICAL WARNING: [Synth 8-6859] multi-driven net on pin stato_prossimo_reg[0] with 2nd driver pin 'GND' [C:/Users/Fabio/Desktop/Magistrale/Architettura_dei_Sistemi_Digitali/vhdl/1_miei/3_1_riconoscitoreSequenza/3_1_riconoscitoreSequenza.srcs/sources_1/new/riconoscitoreSequenza.vhd:53]
CRITICAL WARNING: [Synth 8-6858] multi-driven net stato_prossimo_reg[0] is connected to at least one constant driver which has been preserved, other driver is ignored [C:/Users/Fabio/Desktop/Magistrale/Architettura_dei_Sistemi_Digitali/vhdl/1_miei/3_1_riconoscitoreSequenza/3_1_riconoscitoreSequenza.srcs/sources_1/new/riconoscitoreSequenza.vhd:53]
CRITICAL WARNING: [Synth 8-6859] multi-driven net on pin Y_reg with 1st driver pin 'Y_inferred/Y_reg' [C:/Users/Fabio/Desktop/Magistrale/Architettura_dei_Sistemi_Digitali/vhdl/1_miei/3_1_riconoscitoreSequenza/3_1_riconoscitoreSequenza.srcs/sources_1/new/riconoscitoreSequenza.vhd:53]
CRITICAL WARNING: [Synth 8-6859] multi-driven net on pin Y_reg with 2nd driver pin 'GND' [C:/Users/Fabio/Desktop/Magistrale/Architettura_dei_Sistemi_Digitali/vhdl/1_miei/3_1_riconoscitoreSequenza/3_1_riconoscitoreSequenza.srcs/sources_1/new/riconoscitoreSequenza.vhd:53]
CRITICAL WARNING: [Synth 8-6858] multi-driven net Y_reg is connected to at least one constant driver which has been preserved, other driver is ignored [C:/Users/Fabio/Desktop/Magistrale/Architettura_dei_Sistemi_Digitali/vhdl/1_miei/3_1_riconoscitoreSequenza/3_1_riconoscitoreSequenza.srcs/sources_1/new/riconoscitoreSequenza.vhd:53]
---------------------------------------------------------------------------------
Finished Cross Boundary and Area Optimization : Time (s): cpu = 00:00:14 ; elapsed = 00:00:14 . Memory (MB): peak = 1392.684 ; gain = 510.328
---------------------------------------------------------------------------------
---------------------------------------------------------------------------------
Start Applying XDC Timing Constraints
---------------------------------------------------------------------------------
---------------------------------------------------------------------------------
Finished Applying XDC Timing Constraints : Time (s): cpu = 00:00:18 ; elapsed = 00:00:18 . Memory (MB): peak = 1392.684 ; gain = 510.328
---------------------------------------------------------------------------------
---------------------------------------------------------------------------------
Start Timing Optimization
---------------------------------------------------------------------------------
---------------------------------------------------------------------------------
Finished Timing Optimization : Time (s): cpu = 00:00:18 ; elapsed = 00:00:18 . Memory (MB): peak = 1392.684 ; gain = 510.328
---------------------------------------------------------------------------------
---------------------------------------------------------------------------------
Start Technology Mapping
---------------------------------------------------------------------------------
---------------------------------------------------------------------------------
Finished Technology Mapping : Time (s): cpu = 00:00:18 ; elapsed = 00:00:18 . Memory (MB): peak = 1392.684 ; gain = 510.328
---------------------------------------------------------------------------------
---------------------------------------------------------------------------------
Start IO Insertion
---------------------------------------------------------------------------------
---------------------------------------------------------------------------------
Start Flattening Before IO Insertion
---------------------------------------------------------------------------------
---------------------------------------------------------------------------------
Finished Flattening Before IO Insertion
---------------------------------------------------------------------------------
---------------------------------------------------------------------------------
Start Final Netlist Cleanup
---------------------------------------------------------------------------------
---------------------------------------------------------------------------------
Finished Final Netlist Cleanup
---------------------------------------------------------------------------------
---------------------------------------------------------------------------------
Finished IO Insertion : Time (s): cpu = 00:00:22 ; elapsed = 00:00:22 . Memory (MB): peak = 1394.086 ; gain = 511.730
---------------------------------------------------------------------------------
---------------------------------------------------------------------------------
Start Renaming Generated Instances
---------------------------------------------------------------------------------
---------------------------------------------------------------------------------
Finished Renaming Generated Instances : Time (s): cpu = 00:00:22 ; elapsed = 00:00:22 . Memory (MB): peak = 1394.086 ; gain = 511.730
---------------------------------------------------------------------------------
---------------------------------------------------------------------------------
Start Rebuilding User Hierarchy
---------------------------------------------------------------------------------
---------------------------------------------------------------------------------
Finished Rebuilding User Hierarchy : Time (s): cpu = 00:00:22 ; elapsed = 00:00:22 . Memory (MB): peak = 1394.086 ; gain = 511.730
---------------------------------------------------------------------------------
---------------------------------------------------------------------------------
Start Renaming Generated Ports
---------------------------------------------------------------------------------
---------------------------------------------------------------------------------
Finished Renaming Generated Ports : Time (s): cpu = 00:00:22 ; elapsed = 00:00:22 . Memory (MB): peak = 1394.086 ; gain = 511.730
---------------------------------------------------------------------------------
---------------------------------------------------------------------------------
Start Handling Custom Attributes
---------------------------------------------------------------------------------
---------------------------------------------------------------------------------
Finished Handling Custom Attributes : Time (s): cpu = 00:00:22 ; elapsed = 00:00:22 . Memory (MB): peak = 1394.086 ; gain = 511.730
---------------------------------------------------------------------------------
---------------------------------------------------------------------------------
Start Renaming Generated Nets
---------------------------------------------------------------------------------
---------------------------------------------------------------------------------
Finished Renaming Generated Nets : Time (s): cpu = 00:00:22 ; elapsed = 00:00:22 . Memory (MB): peak = 1394.086 ; gain = 511.730
---------------------------------------------------------------------------------
---------------------------------------------------------------------------------
Start Writing Synthesis Report
---------------------------------------------------------------------------------

Report BlackBoxes: 
+-+--------------+----------+
| |BlackBox name |Instances |
+-+--------------+----------+
+-+--------------+----------+

Report Cell Usage: 
+------+-----+------+
|      |Cell |Count |
+------+-----+------+
|1     |OBUF |     1|
+------+-----+------+
---------------------------------------------------------------------------------
Finished Writing Synthesis Report : Time (s): cpu = 00:00:22 ; elapsed = 00:00:22 . Memory (MB): peak = 1394.086 ; gain = 511.730
---------------------------------------------------------------------------------
Synthesis finished with 0 errors, 12 critical warnings and 4 warnings.
Synthesis Optimization Runtime : Time (s): cpu = 00:00:14 ; elapsed = 00:00:20 . Memory (MB): peak = 1394.086 ; gain = 503.215
Synthesis Optimization Complete : Time (s): cpu = 00:00:22 ; elapsed = 00:00:22 . Memory (MB): peak = 1394.086 ; gain = 511.730
INFO: [Project 1-571] Translating synthesized netlist
Netlist sorting complete. Time (s): cpu = 00:00:00 ; elapsed = 00:00:00 . Memory (MB): peak = 1406.141 ; gain = 0.000
INFO: [Project 1-570] Preparing netlist for logic optimization
INFO: [Opt 31-138] Pushed 0 inverter(s) to 0 load pin(s).
Netlist sorting complete. Time (s): cpu = 00:00:00 ; elapsed = 00:00:00 . Memory (MB): peak = 1420.801 ; gain = 0.000
INFO: [Project 1-111] Unisim Transformation Summary:
No Unisim elements were transformed.

Synth Design complete | Checksum: 1449ee64
INFO: [Common 17-83] Releasing license: Synthesis
21 Infos, 10 Warnings, 12 Critical Warnings and 0 Errors encountered.
synth_design completed successfully
synth_design: Time (s): cpu = 00:00:25 ; elapsed = 00:00:26 . Memory (MB): peak = 1420.801 ; gain = 934.344
INFO: [runtcl-6] Synthesis results are not added to the cache due to CRITICAL_WARNING
INFO: [Common 17-1381] The checkpoint 'C:/Users/Fabio/Desktop/Magistrale/Architettura_dei_Sistemi_Digitali/vhdl/1_miei/3_1_riconoscitoreSequenza/3_1_riconoscitoreSequenza.runs/synth_1/riconoscitoreSequenza.dcp' has been generated.
INFO: [runtcl-4] Executing : report_utilization -file riconoscitoreSequenza_utilization_synth.rpt -pb riconoscitoreSequenza_utilization_synth.pb
INFO: [Common 17-206] Exiting Vivado at Mon Nov 25 20:53:21 2024...
